This is pdfTeX, Version 3.14159265-2.6-1.40.15 (MiKTeX 2.9 64-bit) (preloaded format=pdflatex 2015.11.9)  13 JUL 2016 13:33
entering extended mode
**"Matt Dickinson Tex Resume.tex"
("Matt Dickinson Tex Resume.tex"
LaTeX2e <2014/05/01>
Babel <3.9l> and hyphenation patterns for 68 languages loaded.

("\\ps.dps.state.oh.us\dps\Home\madickinson\Documents\New folder\tex\latex\base
\article.cls"
Document Class: article 2014/09/29 v1.4h Standard LaTeX document class

("\\ps.dps.state.oh.us\dps\Home\madickinson\Documents\New folder\tex\latex\base
\size11.clo"
File: size11.clo 2014/09/29 v1.4h Standard LaTeX file (size option)
)
\c@part=\count79
\c@section=\count80
\c@subsection=\count81
\c@subsubsection=\count82
\c@paragraph=\count83
\c@subparagraph=\count84
\c@figure=\count85
\c@table=\count86
\abovecaptionskip=\skip41
\belowcaptionskip=\skip42
\bibindent=\dimen102
) ("Matt Dickinson Tex Resume.aux")
LaTeX Font Info:    Checking defaults for OML/cmm/m/it on input line 12.
LaTeX Font Info:    ... okay on input line 12.
LaTeX Font Info:    Checking defaults for T1/cmr/m/n on input line 12.
LaTeX Font Info:    ... okay on input line 12.
LaTeX Font Info:    Checking defaults for OT1/cmr/m/n on input line 12.
LaTeX Font Info:    ... okay on input line 12.
LaTeX Font Info:    Checking defaults for OMS/cmsy/m/n on input line 12.
LaTeX Font Info:    ... okay on input line 12.
LaTeX Font Info:    Checking defaults for OMX/cmex/m/n on input line 12.
LaTeX Font Info:    ... okay on input line 12.
LaTeX Font Info:    Checking defaults for U/cmr/m/n on input line 12.
LaTeX Font Info:    ... okay on input line 12.
 [1

{C:/Users/madickinson/AppData/Local/MiKTeX/2.9/pdftex/config/pdftex.map}] ("Mat
t Dickinson Tex Resume.aux") ) 
Here is how much of TeX's memory you used:
 205 strings out of 493698
 2459 string characters out of 3130289
 52149 words of memory out of 3000000
 3616 multiletter control sequences out of 15000+200000
 4239 words of font info for 16 fonts, out of 3000000 for 9000
 1025 hyphenation exceptions out of 8191
 21i,4n,19p,217b,107s stack positions out of 5000i,500n,10000p,200000b,50000s
<//ps.dps.state.oh.us/dps/Home/madickinson/Docume
nts/New folder/fonts/type1/public/amsfonts/cm/cmr10.pfb><//ps.dps.state.oh.us/d
ps/Home/madickinson/Documents/New folder/fonts/type1/public/amsfonts/cm/cmr17.p
fb>
Output written on "Matt Dickinson Tex Resume.pdf" (1 page, 17983 bytes).
PDF statistics:
 14 PDF objects out of 1000 (max. 8388607)
 0 named destinations out of 1000 (max. 500000)
 1 words of extra memory for PDF output out of 10000 (max. 10000000)

